<?xml version="1.0" encoding="UTF-8"?>
<persistence version="2.0"
	xmlns="http://java.sun.com/xml/ns/persistence" xmlns:xsi="http://www.w3.org/2001/XMLSchema-instance"
	xsi:schemaLocation="http://java.sun.com/xml/ns/persistence http://java.sun.com/xml/ns/persistence/persistence_2_0.xsd">
	<persistence-unit name="test-persistence-unit">
		<provider>org.hibernate.ejb.HibernatePersistence</provider>
		<mapping-file>orm.xml</mapping-file>
		<class>br.com.devnagui.project.entities.Usuario</class>
		<properties>
			<property name="hibernate.show_sql" value="true" />
			<property name="hibernate.dialect" value="org.hibernate.dialect.Oracle10gDialect" />
			<property name="hibernate.connection.provider_class"
				value="org.hibernate.connection.DriverManagerConnectionProvider" />
			<property name="hibernate.connection.url" value="jdbc:oracle:thin:@ip:port:scheme" />
			<property name="hibernate.connection.driver_class" value="oracle.jdbc.driver.OracleDriver" />
			<property name="hibernate.hbm2ddl.auto" value="validate" />
			<property name="hibernate.default_schema" value="PROJECT" />
		</properties>
	</persistence-unit>

</persistence>
